[2025-11-04 09:58:03][INFO] Reading point cloud from file 'C:\Users\telukkari\Documents\Data\nls_5p_roof_top2_half.las'
[2025-11-04 09:58:03][INFO] Reading point cloud from file 'C:\Users\telukkari\Documents\Data\nls20p_roof_top2_half.laz'
[2025-11-04 09:58:03][WARNING] DEPRECATION: use cyl_radius instead of cyl_radii. In a future version, cyl_radii will be removed!
[2025-11-04 09:58:03][INFO] Building KDTree structure with leaf parameter 10
[2025-11-04 09:58:03][INFO] Building KDTree structure with leaf parameter 10
[2025-11-04 09:58:47][INFO] Reading point cloud from file 'C:\Users\telukkari\Documents\Data\nls_5p_roof_top_half.las'
[2025-11-04 09:59:57][INFO] Reading point cloud from file 'C:\Users\telukkari\Documents\Data\nls_5p_roof_top.las'
[2025-11-04 09:59:57][INFO] Reading point cloud from file 'C:\Users\telukkari\Documents\Data\nls20p_roof_top.laz'
[2025-11-04 09:59:57][WARNING] DEPRECATION: use cyl_radius instead of cyl_radii. In a future version, cyl_radii will be removed!
[2025-11-04 09:59:57][INFO] Building KDTree structure with leaf parameter 10
[2025-11-04 09:59:57][INFO] Building KDTree structure with leaf parameter 10
[2025-11-04 10:00:46][INFO] Reading point cloud from file 'C:\Users\telukkari\Documents\Data\nls_5p_roof_top.las'
[2025-11-04 10:00:46][INFO] Reading point cloud from file 'C:\Users\telukkari\Documents\Data\nls20p_roof_top.laz'
[2025-11-04 10:00:46][WARNING] DEPRECATION: use cyl_radius instead of cyl_radii. In a future version, cyl_radii will be removed!
[2025-11-04 10:00:46][INFO] Building KDTree structure with leaf parameter 10
[2025-11-04 10:00:46][INFO] Building KDTree structure with leaf parameter 10
[2025-11-04 10:35:59][INFO] Reading point cloud from file 'C:\Users\telukkari\Documents\Data\nls_5p_roof_top.las'
[2025-11-04 10:35:59][INFO] Reading point cloud from file 'C:\Users\telukkari\Documents\Data\nls20p_roof_top.laz'
[2025-11-04 10:35:59][WARNING] DEPRECATION: use cyl_radius instead of cyl_radii. In a future version, cyl_radii will be removed!
[2025-11-04 10:35:59][INFO] Building KDTree structure with leaf parameter 10
[2025-11-04 10:35:59][INFO] Building KDTree structure with leaf parameter 10
[2025-11-04 10:36:44][INFO] Reading point cloud from file 'C:\Users\telukkari\Documents\Data\nls_5p_roof_top2_half.las'
[2025-11-04 10:36:44][INFO] Reading point cloud from file 'C:\Users\telukkari\Documents\Data\nls20p_roof_top2_half.laz'
[2025-11-04 10:36:44][WARNING] DEPRECATION: use cyl_radius instead of cyl_radii. In a future version, cyl_radii will be removed!
[2025-11-04 10:36:44][INFO] Building KDTree structure with leaf parameter 10
[2025-11-04 10:36:44][INFO] Building KDTree structure with leaf parameter 10
[2025-11-04 10:37:40][INFO] Reading point cloud from file 'C:\Users\telukkari\Documents\Data\nls_5p_roof_top2_half.las'
[2025-11-04 10:37:40][INFO] Reading point cloud from file 'C:\Users\telukkari\Documents\Data\nls20p_roof_top2_half.laz'
[2025-11-04 10:37:40][WARNING] DEPRECATION: use cyl_radius instead of cyl_radii. In a future version, cyl_radii will be removed!
[2025-11-04 10:37:40][INFO] Building KDTree structure with leaf parameter 10
[2025-11-04 10:37:40][INFO] Building KDTree structure with leaf parameter 10
[2025-11-04 10:37:46][INFO] Reading point cloud from file 'C:\Users\telukkari\Documents\Data\nls_5p_roof_top2_half.las'
[2025-11-04 10:37:46][INFO] Reading point cloud from file 'C:\Users\telukkari\Documents\Data\nls20p_roof_top2_half.laz'
[2025-11-04 10:37:46][WARNING] DEPRECATION: use cyl_radius instead of cyl_radii. In a future version, cyl_radii will be removed!
[2025-11-04 10:37:46][INFO] Building KDTree structure with leaf parameter 10
[2025-11-04 10:37:46][INFO] Building KDTree structure with leaf parameter 10
[2025-11-04 10:38:02][INFO] Reading point cloud from file 'C:\Users\telukkari\Documents\Data\nls_5p_roof_top2_half.las'
[2025-11-04 10:38:02][INFO] Reading point cloud from file 'C:\Users\telukkari\Documents\Data\nls20p_roof_top2_half.laz'
[2025-11-04 10:38:02][WARNING] DEPRECATION: use cyl_radius instead of cyl_radii. In a future version, cyl_radii will be removed!
[2025-11-04 10:38:02][INFO] Building KDTree structure with leaf parameter 10
[2025-11-04 10:38:02][INFO] Building KDTree structure with leaf parameter 10
[2025-11-04 10:38:11][INFO] Reading point cloud from file 'C:\Users\telukkari\Documents\Data\nls_5p_roof_top2_half.las'
[2025-11-04 10:38:11][INFO] Reading point cloud from file 'C:\Users\telukkari\Documents\Data\nls20p_roof_top2_half.laz'
[2025-11-04 10:38:11][WARNING] DEPRECATION: use cyl_radius instead of cyl_radii. In a future version, cyl_radii will be removed!
[2025-11-04 10:38:11][INFO] Building KDTree structure with leaf parameter 10
[2025-11-04 10:38:11][INFO] Building KDTree structure with leaf parameter 10
[2025-11-04 10:38:14][INFO] Reading point cloud from file 'C:\Users\telukkari\Documents\Data\nls_5p_roof_top2_half.las'
[2025-11-04 10:38:14][INFO] Reading point cloud from file 'C:\Users\telukkari\Documents\Data\nls20p_roof_top2_half.laz'
[2025-11-04 10:38:14][WARNING] DEPRECATION: use cyl_radius instead of cyl_radii. In a future version, cyl_radii will be removed!
[2025-11-04 10:38:14][INFO] Building KDTree structure with leaf parameter 10
[2025-11-04 10:38:14][INFO] Building KDTree structure with leaf parameter 10
[2025-11-04 10:38:20][INFO] Reading point cloud from file 'C:\Users\telukkari\Documents\Data\nls_5p_roof_top2_half.las'
[2025-11-04 10:38:20][INFO] Reading point cloud from file 'C:\Users\telukkari\Documents\Data\nls20p_roof_top2_half.laz'
[2025-11-04 10:38:20][WARNING] DEPRECATION: use cyl_radius instead of cyl_radii. In a future version, cyl_radii will be removed!
[2025-11-04 10:38:20][INFO] Building KDTree structure with leaf parameter 10
[2025-11-04 10:38:20][INFO] Building KDTree structure with leaf parameter 10
[2025-11-04 10:40:49][INFO] Reading point cloud from file 'C:\Users\telukkari\Documents\Data\nls_5p_roof_top2_half.las'
[2025-11-04 10:40:49][INFO] Reading point cloud from file 'C:\Users\telukkari\Documents\Data\nls20p_roof_top2_half.laz'
[2025-11-04 10:40:49][WARNING] DEPRECATION: use cyl_radius instead of cyl_radii. In a future version, cyl_radii will be removed!
[2025-11-04 10:40:49][INFO] Building KDTree structure with leaf parameter 10
[2025-11-04 10:40:49][INFO] Building KDTree structure with leaf parameter 10
[2025-11-04 10:41:03][INFO] Reading point cloud from file 'C:\Users\telukkari\Documents\Data\nls_5p_roof_top2_half.las'
[2025-11-04 10:41:03][INFO] Reading point cloud from file 'C:\Users\telukkari\Documents\Data\nls20p_roof_top2_half.laz'
[2025-11-04 10:41:03][WARNING] DEPRECATION: use cyl_radius instead of cyl_radii. In a future version, cyl_radii will be removed!
[2025-11-04 10:41:03][INFO] Building KDTree structure with leaf parameter 10
[2025-11-04 10:41:03][INFO] Building KDTree structure with leaf parameter 10
[2025-11-04 10:41:07][INFO] Reading point cloud from file 'C:\Users\telukkari\Documents\Data\nls_5p_roof_top2_half.las'
[2025-11-04 10:41:07][INFO] Reading point cloud from file 'C:\Users\telukkari\Documents\Data\nls20p_roof_top2_half.laz'
[2025-11-04 10:41:07][WARNING] DEPRECATION: use cyl_radius instead of cyl_radii. In a future version, cyl_radii will be removed!
[2025-11-04 10:41:07][INFO] Building KDTree structure with leaf parameter 10
[2025-11-04 10:41:07][INFO] Building KDTree structure with leaf parameter 10
[2025-11-04 11:39:48][INFO] Reading point cloud from file 'C:\Users\telukkari\Documents\Data\nls_5p_roof_top2_half.las'
[2025-11-04 11:39:48][INFO] Reading point cloud from file 'C:\Users\telukkari\Documents\Data\nls20p_roof_top2_half.laz'
[2025-11-04 11:39:48][WARNING] DEPRECATION: use cyl_radius instead of cyl_radii. In a future version, cyl_radii will be removed!
[2025-11-04 11:39:48][INFO] Building KDTree structure with leaf parameter 10
[2025-11-04 11:39:48][INFO] Building KDTree structure with leaf parameter 10
[2025-11-05 09:46:01][INFO] Reading point cloud from file 'C:\Users\telukkari\Documents\Data\nls_5p_roof_top2_half.las'
[2025-11-05 09:46:01][INFO] Reading point cloud from file 'C:\Users\telukkari\Documents\Data\nls20p_roof_top2_half.laz'
[2025-11-05 09:46:01][WARNING] DEPRECATION: use cyl_radius instead of cyl_radii. In a future version, cyl_radii will be removed!
[2025-11-05 09:46:01][INFO] Building KDTree structure with leaf parameter 10
[2025-11-05 09:46:01][INFO] Building KDTree structure with leaf parameter 10
